<?xml version="1.0" encoding="UTF-8"?>
<!-- Generated by org.testng.reporters.JUnitXMLReporter -->
<testsuite ignored="3" hostname="MridulaKulkarni" failures="0" tests="1" name="Default test" time="4.216" errors="0" timestamp="2025-03-21T16:58:51 IST">
  <testcase classname="com.qa.opencart.test.LoginPageTest" name="LoginPageTitleTest" time="0.228"/>
  <testcase classname="com.qa.opencart.test.LoginPageTest" name="LoginTest" time="0.0">
    <ignored/>
  </testcase> <!-- LoginTest -->
  <testcase classname="com.qa.opencart.test.LoginPageTest" name="isForgotPwdLinkExistTest" time="0.0">
    <ignored/>
  </testcase> <!-- isForgotPwdLinkExistTest -->
  <testcase classname="com.qa.opencart.test.LoginPageTest" name="LoginPageUrlTest" time="0.0">
    <ignored/>
  </testcase> <!-- LoginPageUrlTest -->
</testsuite> <!-- Default test -->
