<?xml version="1.0" encoding="UTF-8"?>
<!-- Generated by org.testng.reporters.JUnitXMLReporter -->
<testsuite ignored="0" hostname="MridulaKulkarni" failures="0" tests="3" name="Test" time="0.068" errors="0" timestamp="2025-03-15T14:06:25 IST">
  <testcase classname="testng.TestNgConcepts" name="addToCartTest" time="0.009"/>
  <testcase classname="testng.TestNgConcepts" name="paymentTest" time="0.002"/>
  <testcase classname="testng.TestNgConcepts" name="searchTest" time="0.003"/>
</testsuite> <!-- Test -->
